<?xml version="1.0" encoding="UTF-8"?>
<testsuite name="c1Test" tests="1" skipped="0" failures="0" errors="0" timestamp="2020-03-04T16:54:38" hostname="ASSETPLANETBITE.workdayinternal.com" time="0.001">
  <properties/>
  <testcase name="setV" classname="c1Test" time="0.001"/>
  <system-out><![CDATA[]]></system-out>
  <system-err><![CDATA[]]></system-err>
</testsuite>
